2025-10-10 16:57:46 [main] INFO  o.e.m.MybatisplusApplication - Starting MybatisplusApplication using Java 21.0.7 with PID 31184 (C:\Users\HP\Desktop\仓库10(java)\mywork10-java\学习代码\Mybatisplus\target\classes started by HP in C:\Users\HP\Desktop\仓库10(java)\mywork10-java\学习代码\Mybatisplus)
2025-10-10 16:57:46 [main] INFO  o.e.m.MybatisplusApplication - The following 1 profile is active: "dev"
2025-10-10 16:57:47 [main] INFO  o.s.b.w.e.tomcat.TomcatWebServer - Tomcat initialized with port 8080 (http)
2025-10-10 16:57:47 [main] INFO  o.a.catalina.core.StandardService - Starting service [Tomcat]
2025-10-10 16:57:47 [main] INFO  o.a.catalina.core.StandardEngine - Starting Servlet engine: [Apache Tomcat/10.1.46]
2025-10-10 16:57:47 [main] INFO  o.a.c.c.C.[Tomcat].[localhost].[/] - Initializing Spring embedded WebApplicationContext
2025-10-10 16:57:47 [main] INFO  o.s.b.w.s.c.ServletWebServerApplicationContext - Root WebApplicationContext: initialization completed in 791 ms
2025-10-10 16:57:47 [main] WARN  c.b.m.core.metadata.TableInfoHelper - This primary key of "id" is primitive !不建议如此请使用包装类 in Class: "org.example.mybatisplus.pojo.User"
2025-10-10 16:57:47 [main] INFO  o.s.b.w.e.tomcat.TomcatWebServer - Tomcat started on port 8080 (http) with context path '/'
2025-10-10 16:57:47 [main] INFO  o.e.m.MybatisplusApplication - Started MybatisplusApplication in 1.661 seconds (process running for 2.115)
2025-10-10 17:18:26 [SpringApplicationShutdownHook] INFO  o.s.b.w.e.tomcat.GracefulShutdown - Commencing graceful shutdown. Waiting for active requests to complete
2025-10-10 17:18:26 [tomcat-shutdown] INFO  o.s.b.w.e.tomcat.GracefulShutdown - Graceful shutdown complete
2025-10-10 18:00:37 [main] INFO  o.e.m.MybatisplusApplicationTests - Starting MybatisplusApplicationTests using Java 21.0.7 with PID 32868 (started by HP in C:\Users\HP\Desktop\仓库10(java)\mywork10-java\学习代码\Mybatisplus)
2025-10-10 18:00:37 [main] INFO  o.e.m.MybatisplusApplicationTests - The following 1 profile is active: "dev"
2025-10-10 18:00:39 [main] WARN  c.b.m.core.metadata.TableInfoHelper - This primary key of "id" is primitive !不建议如此请使用包装类 in Class: "org.example.mybatisplus.pojo.User"
2025-10-10 18:00:39 [main] INFO  o.e.m.MybatisplusApplicationTests - Started MybatisplusApplicationTests in 2.061 seconds (process running for 3.054)
2025-10-10 18:00:40 [main] INFO  com.zaxxer.hikari.HikariDataSource - HikariPool-1 - Starting...
2025-10-10 18:00:40 [main] INFO  com.zaxxer.hikari.pool.HikariPool - HikariPool-1 - Added connection com.mysql.cj.jdbc.ConnectionImpl@28f8ce2e
2025-10-10 18:00:40 [main] INFO  com.zaxxer.hikari.HikariDataSource - HikariPool-1 - Start completed.
2025-10-10 18:00:40 [SpringApplicationShutdownHook] INFO  com.zaxxer.hikari.HikariDataSource - HikariPool-1 - Shutdown initiated...
2025-10-10 18:00:40 [SpringApplicationShutdownHook] INFO  com.zaxxer.hikari.HikariDataSource - HikariPool-1 - Shutdown completed.
2025-10-10 18:09:32 [main] INFO  o.e.m.MybatisplusApplicationTests - Starting MybatisplusApplicationTests using Java 21.0.7 with PID 29944 (started by HP in C:\Users\HP\Desktop\仓库10(java)\mywork10-java\学习代码\Mybatisplus)
2025-10-10 18:09:32 [main] INFO  o.e.m.MybatisplusApplicationTests - The following 1 profile is active: "dev"
2025-10-10 18:09:34 [main] WARN  c.b.m.core.metadata.TableInfoHelper - This primary key of "id" is primitive !不建议如此请使用包装类 in Class: "org.example.mybatisplus.pojo.User"
2025-10-10 18:09:34 [main] INFO  o.e.m.MybatisplusApplicationTests - Started MybatisplusApplicationTests in 2.107 seconds (process running for 2.965)
2025-10-10 18:09:34 [main] INFO  com.zaxxer.hikari.HikariDataSource - HikariPool-1 - Starting...
2025-10-10 18:09:35 [main] INFO  com.zaxxer.hikari.pool.HikariPool - HikariPool-1 - Added connection com.mysql.cj.jdbc.ConnectionImpl@731ab49b
2025-10-10 18:09:35 [main] INFO  com.zaxxer.hikari.HikariDataSource - HikariPool-1 - Start completed.
2025-10-10 18:09:35 [SpringApplicationShutdownHook] INFO  com.zaxxer.hikari.HikariDataSource - HikariPool-1 - Shutdown initiated...
2025-10-10 18:09:35 [SpringApplicationShutdownHook] INFO  com.zaxxer.hikari.HikariDataSource - HikariPool-1 - Shutdown completed.
